Using pre-set license
Built from '2020.3/staging' branch; Version is '2020.3.6f1 (338bb68529b2) revision 3378102'; Using compiler version '192528614'; Build Type 'Release'
OS: 'Windows 10 Home; OS build 19042.1288; Version 2009; 64bit' Language: 'en' Physical Memory: 7549 MB
BatchMode: 1, IsHumanControllingUs: 0, StartBugReporterOnCrash: 0, Is64bit: 1, IsPro: 0

 COMMAND LINE ARGUMENTS:
C:\Program Files\Unity\Editor\Unity.exe
-adb2
-batchMode
-noUpm
-name
AssetImportWorker0
-projectPath
C:/Users/caj52/OneDrive/Desktop/DEVUTIL/PersonalProjects/Unity Projects/Elyria
-logFile
Logs/AssetImportWorker0.log
-srvPort
57505
Successfully changed project path to: C:/Users/caj52/OneDrive/Desktop/DEVUTIL/PersonalProjects/Unity Projects/Elyria
C:/Users/caj52/OneDrive/Desktop/DEVUTIL/PersonalProjects/Unity Projects/Elyria
Using Asset Import Pipeline V2.
Refreshing native plugins compatible for Editor in 61.42 ms, found 2 plugins.
Preloading 0 native plugins for Editor in 0.00 ms.
Initialize engine version: 2020.3.6f1 (338bb68529b2)
[Subsystems] Discovering subsystems at path C:/Program Files/Unity/Editor/Data/Resources/UnitySubsystems
[Subsystems] Discovering subsystems at path C:/Users/caj52/OneDrive/Desktop/DEVUTIL/PersonalProjects/Unity Projects/Elyria/Assets
GfxDevice: creating device client; threaded=0
Direct3D:
    Version:  Direct3D 11.0 [level 11.1]
    Renderer: NVIDIA GeForce GTX 1650 (ID=0x1f99)
    Vendor:   
    VRAM:     3962 MB
    Driver:   27.21.14.5167
Shader 'Universal Render Pipeline/Particles/Lit': fallback shader 'Universal Render Pipeline/Particles/SimpleLit' not found
Initialize mono
Mono path[0] = 'C:/Program Files/Unity/Editor/Data/Managed'
Mono path[1] = 'C:/Program Files/Unity/Editor/Data/MonoBleedingEdge/lib/mono/unityjit'
Mono config path = 'C:/Program Files/Unity/Editor/Data/MonoBleedingEdge/etc'
Using monoOptions --debugger-agent=transport=dt_socket,embedding=1,server=y,suspend=n,address=127.0.0.1:56808
Begin MonoManager ReloadAssembly
Registering precompiled unity dll's ...
Register platform support module: C:/Program Files/Unity/Editor/Data/PlaybackEngines/WindowsStandaloneSupport/UnityEditor.WindowsStandalone.Extensions.dll
Registered in 0.002149 seconds.
Native extension for WindowsStandalone target not found
Refreshing native plugins compatible for Editor in 58.43 ms, found 2 plugins.
Preloading 0 native plugins for Editor in 0.00 ms.
Mono: successfully reloaded assembly
- Completed reload, in  1.170 seconds
Platform modules already initialized, skipping
Registering precompiled user dll's ...
Registered in 0.004780 seconds.
Begin MonoManager ReloadAssembly
Native extension for WindowsStandalone target not found
Refreshing native plugins compatible for Editor in 58.06 ms, found 2 plugins.
Preloading 0 native plugins for Editor in 0.00 ms.
Mono: successfully reloaded assembly
- Completed reload, in  1.170 seconds
Platform modules already initialized, skipping
========================================================================
Worker process is ready to serve import requests
Shader 'Universal Render Pipeline/Particles/Lit': fallback shader 'Universal Render Pipeline/Particles/SimpleLit' not found
Launched and connected shader compiler UnityShaderCompiler.exe after 0.05 seconds
Refreshing native plugins compatible for Editor in 0.58 ms, found 2 plugins.
Preloading 0 native plugins for Editor in 0.00 ms.
Unloading 2691 Unused Serialized files (Serialized files now loaded: 0)
System memory in use before: 124.4 MB.
System memory in use after: 124.6 MB.

Unloading 21 unused Assets to reduce memory usage. Loaded Objects now: 3135.
Total: 3.105000 ms (FindLiveObjects: 0.426900 ms CreateObjectMapping: 0.397500 ms MarkObjects: 2.148400 ms  DeleteObjects: 0.131000 ms)

========================================================================
Received Import Request.
  path: Assets/Resources/2D Hand Painted Tilesets/2D Hand Painted - Grassland Tileset/Sprites/Tilesets 128x128/Grassland 2 Color 2@128x128.png
  artifactKey: Guid(ef45e3f24bfeef74d85b487321e5da4e) Importer(815301076,1909f56bfc062723c751e8b465ee728b)
Start importing Assets/Resources/2D Hand Painted Tilesets/2D Hand Painted - Grassland Tileset/Sprites/Tilesets 128x128/Grassland 2 Color 2@128x128.png using Guid(ef45e3f24bfeef74d85b487321e5da4e) Importer(815301076,1909f56bfc062723c751e8b465ee728b)  -> (artifact id: 'ba6a521d87376a3557cd0966184594a9') in 1.214624 seconds
  Import took 1.223056 seconds .

========================================================================
Received Import Request.
  Time since last request: 0.000687 seconds.
  path: Packages/com.unity.ugui/Editor/UnityEditor.UI.asmdef
  artifactKey: Guid(343deaaf83e0cee4ca978e7df0b80d21) Importer(815301076,1909f56bfc062723c751e8b465ee728b)
Start importing Packages/com.unity.ugui/Editor/UnityEditor.UI.asmdef using Guid(343deaaf83e0cee4ca978e7df0b80d21) Importer(815301076,1909f56bfc062723c751e8b465ee728b)  -> (artifact id: 'c88b5dbc8ebcdc30364d81e9650fb060') in 0.014837 seconds
  Import took 0.020987 seconds .

========================================================================
Received Import Request.
  Time since last request: 0.000489 seconds.
  path: Assets/Resources/2D Hand Painted Tilesets/2D Hand Painted - Grassland Tileset/Sprites/Tilesets 128x128/Grassland 2 Color 3@128x128.png
  artifactKey: Guid(0872ae483329a4b4c87eca777c2017a4) Importer(815301076,1909f56bfc062723c751e8b465ee728b)
Start importing Assets/Resources/2D Hand Painted Tilesets/2D Hand Painted - Grassland Tileset/Sprites/Tilesets 128x128/Grassland 2 Color 3@128x128.png using Guid(0872ae483329a4b4c87eca777c2017a4) Importer(815301076,1909f56bfc062723c751e8b465ee728b)  -> (artifact id: 'b0225188fb3e53f5d5d21a15f863b088') in 1.070038 seconds
  Import took 1.077617 seconds .

========================================================================
Received Import Request.
  Time since last request: 0.000402 seconds.
  path: Assets/Resources/2D Hand Painted Tilesets/2D Hand Painted - Grassland Tileset/Sprites/Tilesets 64x64/Grassland 2 Color 3@64x64.png
  artifactKey: Guid(ae779fe4826fc284a92be5e2cedcf7d6) Importer(815301076,1909f56bfc062723c751e8b465ee728b)
Start importing Assets/Resources/2D Hand Painted Tilesets/2D Hand Painted - Grassland Tileset/Sprites/Tilesets 64x64/Grassland 2 Color 3@64x64.png using Guid(ae779fe4826fc284a92be5e2cedcf7d6) Importer(815301076,1909f56bfc062723c751e8b465ee728b)  -> (artifact id: '44eeb9f2d4595b827e046bccc8e84259') in 0.615186 seconds
  Import took 0.621719 seconds .

========================================================================
Received Import Request.
  Time since last request: 0.000611 seconds.
  path: Assets/Resources/2D Hand Painted Tilesets/2D Hand Painted - Grassland Tileset/Sprites/Tilesets 64x64/Grassland 2 Color 2@64x64.png
  artifactKey: Guid(86fb417ea6bd2b14297447209ddf0889) Importer(815301076,1909f56bfc062723c751e8b465ee728b)
Start importing Assets/Resources/2D Hand Painted Tilesets/2D Hand Painted - Grassland Tileset/Sprites/Tilesets 64x64/Grassland 2 Color 2@64x64.png using Guid(86fb417ea6bd2b14297447209ddf0889) Importer(815301076,1909f56bfc062723c751e8b465ee728b)  -> (artifact id: '29aca0df0992429d26987f3ff4ba593a') in 0.599496 seconds
  Import took 0.606144 seconds .

========================================================================
Received Import Request.
  Time since last request: 32.697605 seconds.
  path: Packages/com.unity.collab-proxy/Editor/Collaborate/Unity.CollabProxy.Editor.asmdef
  artifactKey: Guid(645165c8169474bfbbeb8fb0bcfd26f5) Importer(815301076,1909f56bfc062723c751e8b465ee728b)
Start importing Packages/com.unity.collab-proxy/Editor/Collaborate/Unity.CollabProxy.Editor.asmdef using Guid(645165c8169474bfbbeb8fb0bcfd26f5) Importer(815301076,1909f56bfc062723c751e8b465ee728b)  -> (artifact id: '69bf41fd175f9a796a3d923a92330593') in 0.019365 seconds
  Import took 0.040205 seconds .

========================================================================
Received Import Request.
  Time since last request: 5.986229 seconds.
  path: Packages/com.unity.collab-proxy/package.json
  artifactKey: Guid(57b0c806ba25b48aa8a6ecb3345a4a9b) Importer(815301076,1909f56bfc062723c751e8b465ee728b)
Start importing Packages/com.unity.collab-proxy/package.json using Guid(57b0c806ba25b48aa8a6ecb3345a4a9b) Importer(815301076,1909f56bfc062723c751e8b465ee728b)  -> (artifact id: '90bf3da23cbd35c631c36a307eb4ec44') in 0.015269 seconds
  Import took 0.021817 seconds .

========================================================================
Received Prepare
Registering precompiled user dll's ...
Registered in 0.002519 seconds.
Begin MonoManager ReloadAssembly
Native extension for WindowsStandalone target not found
Refreshing native plugins compatible for Editor in 0.53 ms, found 0 plugins.
Preloading 0 native plugins for Editor in 0.00 ms.
Mono: successfully reloaded assembly
- Completed reload, in  0.966 seconds
Platform modules already initialized, skipping
Shader 'Universal Render Pipeline/Particles/Lit': fallback shader 'Universal Render Pipeline/Particles/SimpleLit' not found
Refreshing native plugins compatible for Editor in 0.51 ms, found 0 plugins.
Preloading 0 native plugins for Editor in 0.00 ms.
Unloading 2305 Unused Serialized files (Serialized files now loaded: 0)
System memory in use before: 114.1 MB.
System memory in use after: 114.3 MB.

Unloading 5 unused Assets to reduce memory usage. Loaded Objects now: 3146.
Total: 2.264200 ms (FindLiveObjects: 0.525600 ms CreateObjectMapping: 0.073800 ms MarkObjects: 1.644600 ms  DeleteObjects: 0.017400 ms)

========================================================================
Received Prepare
Registering precompiled user dll's ...
Registered in 0.001870 seconds.
Begin MonoManager ReloadAssembly
Native extension for WindowsStandalone target not found
Refreshing native plugins compatible for Editor in 0.51 ms, found 0 plugins.
Preloading 0 native plugins for Editor in 0.00 ms.
Mono: successfully reloaded assembly
- Completed reload, in  0.976 seconds
Platform modules already initialized, skipping
Shader 'Universal Render Pipeline/Particles/Lit': fallback shader 'Universal Render Pipeline/Particles/SimpleLit' not found
Refreshing native plugins compatible for Editor in 0.86 ms, found 0 plugins.
Preloading 0 native plugins for Editor in 0.00 ms.
Unloading 2305 Unused Serialized files (Serialized files now loaded: 0)
System memory in use before: 114.2 MB.
System memory in use after: 114.4 MB.

Unloading 5 unused Assets to reduce memory usage. Loaded Objects now: 3149.
Total: 3.606900 ms (FindLiveObjects: 0.430100 ms CreateObjectMapping: 0.089400 ms MarkObjects: 3.059000 ms  DeleteObjects: 0.027100 ms)

========================================================================
Received Prepare
Registering precompiled user dll's ...
Registered in 0.001613 seconds.
Begin MonoManager ReloadAssembly
Native extension for WindowsStandalone target not found
Refreshing native plugins compatible for Editor in 0.51 ms, found 0 plugins.
Preloading 0 native plugins for Editor in 0.00 ms.
Mono: successfully reloaded assembly
- Completed reload, in  0.883 seconds
Platform modules already initialized, skipping
Shader 'Universal Render Pipeline/Particles/Lit': fallback shader 'Universal Render Pipeline/Particles/SimpleLit' not found
Refreshing native plugins compatible for Editor in 0.55 ms, found 0 plugins.
Preloading 0 native plugins for Editor in 0.00 ms.
Unloading 2305 Unused Serialized files (Serialized files now loaded: 0)
System memory in use before: 114.2 MB.
System memory in use after: 114.5 MB.

Unloading 5 unused Assets to reduce memory usage. Loaded Objects now: 3152.
Total: 2.496200 ms (FindLiveObjects: 0.547800 ms CreateObjectMapping: 0.158800 ms MarkObjects: 1.768100 ms  DeleteObjects: 0.019600 ms)

AssetImportWorkerClient::OnTransportError - code=2 error=End of file
